[2016-05-30 14:51:14] local.ERROR: exception 'Symfony\Component\Debug\Exception\FatalErrorException' with message 'Class 'App\Http\Controllers\Auth' not found' in /home/leontin/Work/licenta/app/Http/Controllers/CartController.php:154
Stack trace:
#0 /home/leontin/Work/licenta/vendor/laravel/framework/src/Illuminate/Foundation/Bootstrap/HandleExceptions.php(131): Symfony\Component\Debug\Exception\FatalErrorException->__construct()
#1 /home/leontin/Work/licenta/vendor/laravel/framework/src/Illuminate/Foundation/Bootstrap/HandleExceptions.php(116): Illuminate\Foundation\Bootstrap\HandleExceptions->fatalExceptionFromError()
#2 /home/leontin/Work/licenta/vendor/laravel/framework/src/Illuminate/Foundation/Bootstrap/HandleExceptions.php(0): Illuminate\Foundation\Bootstrap\HandleExceptions->handleShutdown()
#3 /home/leontin/Work/licenta/vendor/laravel/framework/src/Illuminate/Routing/Controller.php(246): App\Http\Controllers\CartController->finish()
#4 /home/leontin/Work/licenta/vendor/laravel/framework/src/Illuminate/Routing/Controller.php(246): call_user_func_array:{/home/leontin/Work/licenta/vendor/laravel/framework/src/Illuminate/Routing/Controller.php:246}()
#5 /home/leontin/Work/licenta/vendor/laravel/framework/src/Illuminate/Routing/ControllerDispatcher.php(162): Illuminate\Routing\Controller->callAction()
#6 /home/leontin/Work/licenta/vendor/laravel/framework/src/Illuminate/Routing/ControllerDispatcher.php(107): Illuminate\Routing\ControllerDispatcher->call()
#7 /home/leontin/Work/licenta/vendor/laravel/framework/src/Illuminate/Pipeline/Pipeline.php(141): Illuminate\Routing\ControllerDispatcher->Illuminate\Routing\{closure}()
#8 /home/leontin/Work/licenta/vendor/laravel/framework/src/Illuminate/Pipeline/Pipeline.php(141): call_user_func:{/home/leontin/Work/licenta/vendor/laravel/framework/src/Illuminate/Pipeline/Pipeline.php:141}()
#9 /home/leontin/Work/licenta/vendor/laravel/framework/src/Illuminate/Pipeline/Pipeline.php(101): Illuminate\Pipeline\Pipeline->Illuminate\Pipeline\{closure}()
#10 /home/leontin/Work/licenta/vendor/laravel/framework/src/Illuminate/Pipeline/Pipeline.php(101): call_user_func:{/home/leontin/Work/licenta/vendor/laravel/framework/src/Illuminate/Pipeline/Pipeline.php:101}()
#11 /home/leontin/Work/licenta/vendor/laravel/framework/src/Illuminate/Routing/ControllerDispatcher.php(108): Illuminate\Pipeline\Pipeline->then()
#12 /home/leontin/Work/licenta/vendor/laravel/framework/src/Illuminate/Routing/ControllerDispatcher.php(67): Illuminate\Routing\ControllerDispatcher->callWithinStack()
#13 /home/leontin/Work/licenta/vendor/laravel/framework/src/Illuminate/Routing/Route.php(204): Illuminate\Routing\ControllerDispatcher->dispatch()
#14 /home/leontin/Work/licenta/vendor/laravel/framework/src/Illuminate/Routing/Route.php(134): Illuminate\Routing\Route->runWithCustomDispatcher()
#15 /home/leontin/Work/licenta/vendor/laravel/framework/src/Illuminate/Routing/Router.php(701): Illuminate\Routing\Route->run()
#16 /home/leontin/Work/licenta/vendor/laravel/framework/src/Illuminate/Pipeline/Pipeline.php(141): Illuminate\Routing\Router->Illuminate\Routing\{closure}()
#17 /home/leontin/Work/licenta/vendor/laravel/framework/src/Illuminate/Pipeline/Pipeline.php(141): call_user_func:{/home/leontin/Work/licenta/vendor/laravel/framework/src/Illuminate/Pipeline/Pipeline.php:141}()
#18 /home/leontin/Work/licenta/app/Http/Middleware/Authenticate.php(47): Illuminate\Pipeline\Pipeline->Illuminate\Pipeline\{closure}()
#19 /home/leontin/Work/licenta/vendor/laravel/framework/src/Illuminate/Pipeline/Pipeline.php(125): App\Http\Middleware\Authenticate->handle()
#20 /home/leontin/Work/licenta/vendor/laravel/framework/src/Illuminate/Foundation/Http/Middleware/VerifyCsrfToken.php(43): Illuminate\Pipeline\Pipeline->Illuminate\Pipeline\{closure}()
#21 /home/leontin/Work/licenta/app/Http/Middleware/VerifyCsrfToken.php(17): Illuminate\Foundation\Http\Middleware\VerifyCsrfToken->handle()
#22 /home/leontin/Work/licenta/vendor/laravel/framework/src/Illuminate/Pipeline/Pipeline.php(125): App\Http\Middleware\VerifyCsrfToken->handle()
#23 /home/leontin/Work/licenta/vendor/laravel/framework/src/Illuminate/View/Middleware/ShareErrorsFromSession.php(55): Illuminate\Pipeline\Pipeline->Illuminate\Pipeline\{closure}()
#24 /home/leontin/Work/licenta/vendor/laravel/framework/src/Illuminate/Pipeline/Pipeline.php(125): Illuminate\View\Middleware\ShareErrorsFromSession->handle()
#25 /home/leontin/Work/licenta/vendor/laravel/framework/src/Illuminate/Session/Middleware/StartSession.php(61): Illuminate\Pipeline\Pipeline->Illuminate\Pipeline\{closure}()
#26 /home/leontin/Work/licenta/vendor/laravel/framework/src/Illuminate/Pipeline/Pipeline.php(125): Illuminate\Session\Middleware\StartSession->handle()
#27 /home/leontin/Work/licenta/vendor/laravel/framework/src/Illuminate/Cookie/Middleware/AddQueuedCookiesToResponse.php(36): Illuminate\Pipeline\Pipeline->Illuminate\Pipeline\{closure}()
#28 /home/leontin/Work/licenta/vendor/laravel/framework/src/Illuminate/Pipeline/Pipeline.php(125): Illuminate\Cookie\Middleware\AddQueuedCookiesToResponse->handle()
#29 /home/leontin/Work/licenta/vendor/laravel/framework/src/Illuminate/Pipeline/Pipeline.php(101): Illuminate\Pipeline\Pipeline->Illuminate\Pipeline\{closure}()
#30 /home/leontin/Work/licenta/vendor/laravel/framework/src/Illuminate/Pipeline/Pipeline.php(101): call_user_func:{/home/leontin/Work/licenta/vendor/laravel/framework/src/Illuminate/Pipeline/Pipeline.php:101}()
#31 /home/leontin/Work/licenta/vendor/laravel/framework/src/Illuminate/Routing/Router.php(703): Illuminate\Pipeline\Pipeline->then()
#32 /home/leontin/Work/licenta/vendor/laravel/framework/src/Illuminate/Routing/Router.php(670): Illuminate\Routing\Router->runRouteWithinStack()
#33 /home/leontin/Work/licenta/vendor/laravel/framework/src/Illuminate/Routing/Router.php(628): Illuminate\Routing\Router->dispatchToRoute()
#34 /home/leontin/Work/licenta/vendor/laravel/framework/src/Illuminate/Foundation/Http/Kernel.php(214): Illuminate\Routing\Router->dispatch()
#35 /home/leontin/Work/licenta/vendor/laravel/framework/src/Illuminate/Pipeline/Pipeline.php(141): Illuminate\Foundation\Http\Kernel->Illuminate\Foundation\Http\{closure}()
#36 /home/leontin/Work/licenta/vendor/laravel/framework/src/Illuminate/Pipeline/Pipeline.php(141): call_user_func:{/home/leontin/Work/licenta/vendor/laravel/framework/src/Illuminate/Pipeline/Pipeline.php:141}()
#37 /home/leontin/Work/licenta/vendor/laravel/framework/src/Illuminate/Foundation/Http/Middleware/VerifyCsrfToken.php(43): Illuminate\Pipeline\Pipeline->Illuminate\Pipeline\{closure}()
#38 /home/leontin/Work/licenta/app/Http/Middleware/VerifyCsrfToken.php(17): Illuminate\Foundation\Http\Middleware\VerifyCsrfToken->handle()
#39 /home/leontin/Work/licenta/vendor/laravel/framework/src/Illuminate/Pipeline/Pipeline.php(125): App\Http\Middleware\VerifyCsrfToken->handle()
#40 /home/leontin/Work/licenta/vendor/laravel/framework/src/Illuminate/View/Middleware/ShareErrorsFromSession.php(55): Illuminate\Pipeline\Pipeline->Illuminate\Pipeline\{closure}()
#41 /home/leontin/Work/licenta/vendor/laravel/framework/src/Illuminate/Pipeline/Pipeline.php(125): Illuminate\View\Middleware\ShareErrorsFromSession->handle()
#42 /home/leontin/Work/licenta/vendor/laravel/framework/src/Illuminate/Session/Middleware/StartSession.php(61): Illuminate\Pipeline\Pipeline->Illuminate\Pipeline\{closure}()
#43 /home/leontin/Work/licenta/vendor/laravel/framework/src/Illuminate/Pipeline/Pipeline.php(125): Illuminate\Session\Middleware\StartSession->handle()
#44 /home/leontin/Work/licenta/vendor/laravel/framework/src/Illuminate/Cookie/Middleware/AddQueuedCookiesToResponse.php(36): Illuminate\Pipeline\Pipeline->Illuminate\Pipeline\{closure}()
#45 /home/leontin/Work/licenta/vendor/laravel/framework/src/Illuminate/Pipeline/Pipeline.php(125): Illuminate\Cookie\Middleware\AddQueuedCookiesToResponse->handle()
#46 /home/leontin/Work/licenta/vendor/laravel/framework/src/Illuminate/Cookie/Middleware/EncryptCookies.php(40): Illuminate\Pipeline\Pipeline->Illuminate\Pipeline\{closure}()
#47 /home/leontin/Work/licenta/vendor/laravel/framework/src/Illuminate/Pipeline/Pipeline.php(125): Illuminate\Cookie\Middleware\EncryptCookies->handle()
#48 /home/leontin/Work/licenta/vendor/laravel/framework/src/Illuminate/Foundation/Http/Middleware/CheckForMaintenanceMode.php(42): Illuminate\Pipeline\Pipeline->Illuminate\Pipeline\{closure}()
#49 /home/leontin/Work/licenta/vendor/laravel/framework/src/Illuminate/Pipeline/Pipeline.php(125): Illuminate\Foundation\Http\Middleware\CheckForMaintenanceMode->handle()
#50 /home/leontin/Work/licenta/vendor/laravel/framework/src/Illuminate/Pipeline/Pipeline.php(101): Illuminate\Pipeline\Pipeline->Illuminate\Pipeline\{closure}()
#51 /home/leontin/Work/licenta/vendor/laravel/framework/src/Illuminate/Pipeline/Pipeline.php(101): call_user_func:{/home/leontin/Work/licenta/vendor/laravel/framework/src/Illuminate/Pipeline/Pipeline.php:101}()
#52 /home/leontin/Work/licenta/vendor/laravel/framework/src/Illuminate/Foundation/Http/Kernel.php(115): Illuminate\Pipeline\Pipeline->then()
#53 /home/leontin/Work/licenta/vendor/laravel/framework/src/Illuminate/Foundation/Http/Kernel.php(84): Illuminate\Foundation\Http\Kernel->sendRequestThroughRouter()
#54 /home/leontin/Work/licenta/public/index.php(53): Illuminate\Foundation\Http\Kernel->handle()
#55 /home/leontin/Work/licenta/public/index.php(0): {main}()
#56 {main}  
