[2016-05-25 14:06:51] local.ERROR: exception 'InvalidArgumentException' with message 'View [home] not found.' in /home/leontin/Work/licenta/vendor/laravel/framework/src/Illuminate/View/FileViewFinder.php:140
Stack trace:
#0 /home/leontin/Work/licenta/vendor/laravel/framework/src/Illuminate/View/FileViewFinder.php(77): Illuminate\View\FileViewFinder->findInPaths('home', Array)
#1 /home/leontin/Work/licenta/vendor/laravel/framework/src/Illuminate/View/Factory.php(145): Illuminate\View\FileViewFinder->find('home')
#2 /home/leontin/Work/licenta/vendor/laravel/framework/src/Illuminate/Foundation/helpers.php(592): Illuminate\View\Factory->make('home', Array, Array)
#3 /home/leontin/Work/licenta/app/Http/Controllers/ProductController.php(178): view('home')
#4 [internal function]: App\Http\Controllers\ProductController->sort(Object(Illuminate\Http\Request))
#5 /home/leontin/Work/licenta/vendor/laravel/framework/src/Illuminate/Routing/Controller.php(246): call_user_func_array(Array, Array)
#6 /home/leontin/Work/licenta/vendor/laravel/framework/src/Illuminate/Routing/ControllerDispatcher.php(162): Illuminate\Routing\Controller->callAction('sort', Array)
#7 /home/leontin/Work/licenta/vendor/laravel/framework/src/Illuminate/Routing/ControllerDispatcher.php(107): Illuminate\Routing\ControllerDispatcher->call(Object(App\Http\Controllers\ProductController), Object(Illuminate\Routing\Route), 'sort')
#8 [internal function]: Illuminate\Routing\ControllerDispatcher->Illuminate\Routing\{closure}(Object(Illuminate\Http\Request))
#9 /home/leontin/Work/licenta/vendor/laravel/framework/src/Illuminate/Pipeline/Pipeline.php(141): call_user_func(Object(Closure), Object(Illuminate\Http\Request))
#10 /home/leontin/Work/licenta/app/Http/Middleware/Authenticate.php(47): Illuminate\Pipeline\Pipeline->Illuminate\Pipeline\{closure}(Object(Illuminate\Http\Request))
#11 /home/leontin/Work/licenta/vendor/laravel/framework/src/Illuminate/Pipeline/Pipeline.php(125): App\Http\Middleware\Authenticate->handle(Object(Illuminate\Http\Request), Object(Closure))
#12 [internal function]: Illuminate\Pipeline\Pipeline->Illuminate\Pipeline\{closure}(Object(Illuminate\Http\Request))
#13 /home/leontin/Work/licenta/vendor/laravel/framework/src/Illuminate/Pipeline/Pipeline.php(101): call_user_func(Object(Closure), Object(Illuminate\Http\Request))
#14 /home/leontin/Work/licenta/vendor/laravel/framework/src/Illuminate/Routing/ControllerDispatcher.php(108): Illuminate\Pipeline\Pipeline->then(Object(Closure))
#15 /home/leontin/Work/licenta/vendor/laravel/framework/src/Illuminate/Routing/ControllerDispatcher.php(67): Illuminate\Routing\ControllerDispatcher->callWithinStack(Object(App\Http\Controllers\ProductController), Object(Illuminate\Routing\Route), Object(Illuminate\Http\Request), 'sort')
#16 /home/leontin/Work/licenta/vendor/laravel/framework/src/Illuminate/Routing/Route.php(204): Illuminate\Routing\ControllerDispatcher->dispatch(Object(Illuminate\Routing\Route), Object(Illuminate\Http\Request), 'App\\Http\\Contro...', 'sort')
#17 /home/leontin/Work/licenta/vendor/laravel/framework/src/Illuminate/Routing/Route.php(134): Illuminate\Routing\Route->runWithCustomDispatcher(Object(Illuminate\Http\Request))
#18 /home/leontin/Work/licenta/vendor/laravel/framework/src/Illuminate/Routing/Router.php(701): Illuminate\Routing\Route->run(Object(Illuminate\Http\Request))
#19 [internal function]: Illuminate\Routing\Router->Illuminate\Routing\{closure}(Object(Illuminate\Http\Request))
#20 /home/leontin/Work/licenta/vendor/laravel/framework/src/Illuminate/Pipeline/Pipeline.php(141): call_user_func(Object(Closure), Object(Illuminate\Http\Request))
#21 /home/leontin/Work/licenta/vendor/laravel/framework/src/Illuminate/Foundation/Http/Middleware/VerifyCsrfToken.php(43): Illuminate\Pipeline\Pipeline->Illuminate\Pipeline\{closure}(Object(Illuminate\Http\Request))
#22 /home/leontin/Work/licenta/app/Http/Middleware/VerifyCsrfToken.php(17): Illuminate\Foundation\Http\Middleware\VerifyCsrfToken->handle(Object(Illuminate\Http\Request), Object(Closure))
#23 /home/leontin/Work/licenta/vendor/laravel/framework/src/Illuminate/Pipeline/Pipeline.php(125): App\Http\Middleware\VerifyCsrfToken->handle(Object(Illuminate\Http\Request), Object(Closure))
#24 /home/leontin/Work/licenta/vendor/laravel/framework/src/Illuminate/View/Middleware/ShareErrorsFromSession.php(55): Illuminate\Pipeline\Pipeline->Illuminate\Pipeline\{closure}(Object(Illuminate\Http\Request))
#25 /home/leontin/Work/licenta/vendor/laravel/framework/src/Illuminate/Pipeline/Pipeline.php(125): Illuminate\View\Middleware\ShareErrorsFromSession->handle(Object(Illuminate\Http\Request), Object(Closure))
#26 /home/leontin/Work/licenta/vendor/laravel/framework/src/Illuminate/Session/Middleware/StartSession.php(61): Illuminate\Pipeline\Pipeline->Illuminate\Pipeline\{closure}(Object(Illuminate\Http\Request))
#27 /home/leontin/Work/licenta/vendor/laravel/framework/src/Illuminate/Pipeline/Pipeline.php(125): Illuminate\Session\Middleware\StartSession->handle(Object(Illuminate\Http\Request), Object(Closure))
#28 /home/leontin/Work/licenta/vendor/laravel/framework/src/Illuminate/Cookie/Middleware/AddQueuedCookiesToResponse.php(36): Illuminate\Pipeline\Pipeline->Illuminate\Pipeline\{closure}(Object(Illuminate\Http\Request))
#29 /home/leontin/Work/licenta/vendor/laravel/framework/src/Illuminate/Pipeline/Pipeline.php(125): Illuminate\Cookie\Middleware\AddQueuedCookiesToResponse->handle(Object(Illuminate\Http\Request), Object(Closure))
#30 [internal function]: Illuminate\Pipeline\Pipeline->Illuminate\Pipeline\{closure}(Object(Illuminate\Http\Request))
#31 /home/leontin/Work/licenta/vendor/laravel/framework/src/Illuminate/Pipeline/Pipeline.php(101): call_user_func(Object(Closure), Object(Illuminate\Http\Request))
#32 /home/leontin/Work/licenta/vendor/laravel/framework/src/Illuminate/Routing/Router.php(703): Illuminate\Pipeline\Pipeline->then(Object(Closure))
#33 /home/leontin/Work/licenta/vendor/laravel/framework/src/Illuminate/Routing/Router.php(670): Illuminate\Routing\Router->runRouteWithinStack(Object(Illuminate\Routing\Route), Object(Illuminate\Http\Request))
#34 /home/leontin/Work/licenta/vendor/laravel/framework/src/Illuminate/Routing/Router.php(628): Illuminate\Routing\Router->dispatchToRoute(Object(Illuminate\Http\Request))
#35 /home/leontin/Work/licenta/vendor/laravel/framework/src/Illuminate/Foundation/Http/Kernel.php(214): Illuminate\Routing\Router->dispatch(Object(Illuminate\Http\Request))
#36 [internal function]: Illuminate\Foundation\Http\Kernel->Illuminate\Foundation\Http\{closure}(Object(Illuminate\Http\Request))
#37 /home/leontin/Work/licenta/vendor/laravel/framework/src/Illuminate/Pipeline/Pipeline.php(141): call_user_func(Object(Closure), Object(Illuminate\Http\Request))
#38 /home/leontin/Work/licenta/vendor/laravel/framework/src/Illuminate/Foundation/Http/Middleware/VerifyCsrfToken.php(43): Illuminate\Pipeline\Pipeline->Illuminate\Pipeline\{closure}(Object(Illuminate\Http\Request))
#39 /home/leontin/Work/licenta/app/Http/Middleware/VerifyCsrfToken.php(17): Illuminate\Foundation\Http\Middleware\VerifyCsrfToken->handle(Object(Illuminate\Http\Request), Object(Closure))
#40 /home/leontin/Work/licenta/vendor/laravel/framework/src/Illuminate/Pipeline/Pipeline.php(125): App\Http\Middleware\VerifyCsrfToken->handle(Object(Illuminate\Http\Request), Object(Closure))
#41 /home/leontin/Work/licenta/vendor/laravel/framework/src/Illuminate/View/Middleware/ShareErrorsFromSession.php(55): Illuminate\Pipeline\Pipeline->Illuminate\Pipeline\{closure}(Object(Illuminate\Http\Request))
#42 /home/leontin/Work/licenta/vendor/laravel/framework/src/Illuminate/Pipeline/Pipeline.php(125): Illuminate\View\Middleware\ShareErrorsFromSession->handle(Object(Illuminate\Http\Request), Object(Closure))
#43 /home/leontin/Work/licenta/vendor/laravel/framework/src/Illuminate/Session/Middleware/StartSession.php(61): Illuminate\Pipeline\Pipeline->Illuminate\Pipeline\{closure}(Object(Illuminate\Http\Request))
#44 /home/leontin/Work/licenta/vendor/laravel/framework/src/Illuminate/Pipeline/Pipeline.php(125): Illuminate\Session\Middleware\StartSession->handle(Object(Illuminate\Http\Request), Object(Closure))
#45 /home/leontin/Work/licenta/vendor/laravel/framework/src/Illuminate/Cookie/Middleware/AddQueuedCookiesToResponse.php(36): Illuminate\Pipeline\Pipeline->Illuminate\Pipeline\{closure}(Object(Illuminate\Http\Request))
#46 /home/leontin/Work/licenta/vendor/laravel/framework/src/Illuminate/Pipeline/Pipeline.php(125): Illuminate\Cookie\Middleware\AddQueuedCookiesToResponse->handle(Object(Illuminate\Http\Request), Object(Closure))
#47 /home/leontin/Work/licenta/vendor/laravel/framework/src/Illuminate/Cookie/Middleware/EncryptCookies.php(40): Illuminate\Pipeline\Pipeline->Illuminate\Pipeline\{closure}(Object(Illuminate\Http\Request))
#48 /home/leontin/Work/licenta/vendor/laravel/framework/src/Illuminate/Pipeline/Pipeline.php(125): Illuminate\Cookie\Middleware\EncryptCookies->handle(Object(Illuminate\Http\Request), Object(Closure))
#49 /home/leontin/Work/licenta/vendor/laravel/framework/src/Illuminate/Foundation/Http/Middleware/CheckForMaintenanceMode.php(42): Illuminate\Pipeline\Pipeline->Illuminate\Pipeline\{closure}(Object(Illuminate\Http\Request))
#50 /home/leontin/Work/licenta/vendor/laravel/framework/src/Illuminate/Pipeline/Pipeline.php(125): Illuminate\Foundation\Http\Middleware\CheckForMaintenanceMode->handle(Object(Illuminate\Http\Request), Object(Closure))
#51 [internal function]: Illuminate\Pipeline\Pipeline->Illuminate\Pipeline\{closure}(Object(Illuminate\Http\Request))
#52 /home/leontin/Work/licenta/vendor/laravel/framework/src/Illuminate/Pipeline/Pipeline.php(101): call_user_func(Object(Closure), Object(Illuminate\Http\Request))
#53 /home/leontin/Work/licenta/vendor/laravel/framework/src/Illuminate/Foundation/Http/Kernel.php(115): Illuminate\Pipeline\Pipeline->then(Object(Closure))
#54 /home/leontin/Work/licenta/vendor/laravel/framework/src/Illuminate/Foundation/Http/Kernel.php(84): Illuminate\Foundation\Http\Kernel->sendRequestThroughRouter(Object(Illuminate\Http\Request))
#55 /home/leontin/Work/licenta/public/index.php(53): Illuminate\Foundation\Http\Kernel->handle(Object(Illuminate\Http\Request))
#56 {main}  
[2016-05-25 14:14:39] local.ERROR: exception 'InvalidArgumentException' with message 'Command "make:migrations" is not defined.

Did you mean one of these?
    make:migration
    make:controller
    make:middleware
    make:request
    make:provider
    make:console
    make:event
    make:model
    make:command' in /home/leontin/Work/licenta/vendor/symfony/console/Symfony/Component/Console/Application.php:549
Stack trace:
#0 /home/leontin/Work/licenta/vendor/symfony/console/Symfony/Component/Console/Application.php(192): Symfony\Component\Console\Application->find('make:migrations')
#1 /home/leontin/Work/licenta/vendor/symfony/console/Symfony/Component/Console/Application.php(126): Symfony\Component\Console\Application->doRun(Object(Symfony\Component\Console\Input\ArgvInput), Object(Symfony\Component\Console\Output\ConsoleOutput))
#2 /home/leontin/Work/licenta/vendor/laravel/framework/src/Illuminate/Foundation/Console/Kernel.php(94): Symfony\Component\Console\Application->run(Object(Symfony\Component\Console\Input\ArgvInput), Object(Symfony\Component\Console\Output\ConsoleOutput))
#3 /home/leontin/Work/licenta/artisan(36): Illuminate\Foundation\Console\Kernel->handle(Object(Symfony\Component\Console\Input\ArgvInput), Object(Symfony\Component\Console\Output\ConsoleOutput))
#4 {main}  
[2016-05-25 14:21:30] local.ERROR: exception 'Symfony\Component\Debug\Exception\FatalErrorException' with message 'Class 'CreateTrainingsTable' not found' in /home/leontin/Work/licenta/vendor/laravel/framework/src/Illuminate/Database/Migrations/Migrator.php:328
Stack trace:
#0 /home/leontin/Work/licenta/vendor/laravel/framework/src/Illuminate/Foundation/Bootstrap/HandleExceptions.php(131): Symfony\Component\Debug\Exception\FatalErrorException->__construct()
#1 /home/leontin/Work/licenta/vendor/laravel/framework/src/Illuminate/Foundation/Bootstrap/HandleExceptions.php(116): Illuminate\Foundation\Bootstrap\HandleExceptions->fatalExceptionFromError()
#2 /home/leontin/Work/licenta/vendor/laravel/framework/src/Illuminate/Foundation/Bootstrap/HandleExceptions.php(0): Illuminate\Foundation\Bootstrap\HandleExceptions->handleShutdown()
#3 /home/leontin/Work/licenta/vendor/laravel/framework/src/Illuminate/Database/Migrations/Migrator.php(219): Illuminate\Database\Migrations\Migrator->resolve()
#4 /home/leontin/Work/licenta/vendor/laravel/framework/src/Illuminate/Database/Migrations/Migrator.php(199): Illuminate\Database\Migrations\Migrator->runDown()
#5 /home/leontin/Work/licenta/vendor/laravel/framework/src/Illuminate/Database/Console/Migrations/ResetCommand.php(66): Illuminate\Database\Migrations\Migrator->reset()
#6 /home/leontin/Work/licenta/vendor/laravel/framework/src/Illuminate/Container/Container.php(526): Illuminate\Database\Console\Migrations\ResetCommand->fire()
#7 /home/leontin/Work/licenta/vendor/laravel/framework/src/Illuminate/Container/Container.php(526): call_user_func_array:{/home/leontin/Work/licenta/vendor/laravel/framework/src/Illuminate/Container/Container.php:526}()
#8 /home/leontin/Work/licenta/vendor/laravel/framework/src/Illuminate/Console/Command.php(115): Illuminate\Container\Container->call()
#9 /home/leontin/Work/licenta/vendor/symfony/console/Symfony/Component/Console/Command/Command.php(257): Illuminate\Console\Command->execute()
#10 /home/leontin/Work/licenta/vendor/laravel/framework/src/Illuminate/Console/Command.php(101): Symfony\Component\Console\Command\Command->run()
#11 /home/leontin/Work/licenta/vendor/laravel/framework/src/Illuminate/Console/Command.php(131): Illuminate\Console\Command->run()
#12 /home/leontin/Work/licenta/vendor/laravel/framework/src/Illuminate/Database/Console/Migrations/RefreshCommand.php(40): Illuminate\Console\Command->call()
#13 /home/leontin/Work/licenta/vendor/laravel/framework/src/Illuminate/Container/Container.php(526): Illuminate\Database\Console\Migrations\RefreshCommand->fire()
#14 /home/leontin/Work/licenta/vendor/laravel/framework/src/Illuminate/Container/Container.php(526): call_user_func_array:{/home/leontin/Work/licenta/vendor/laravel/framework/src/Illuminate/Container/Container.php:526}()
#15 /home/leontin/Work/licenta/vendor/laravel/framework/src/Illuminate/Console/Command.php(115): Illuminate\Container\Container->call()
#16 /home/leontin/Work/licenta/vendor/symfony/console/Symfony/Component/Console/Command/Command.php(257): Illuminate\Console\Command->execute()
#17 /home/leontin/Work/licenta/vendor/laravel/framework/src/Illuminate/Console/Command.php(101): Symfony\Component\Console\Command\Command->run()
#18 /home/leontin/Work/licenta/vendor/symfony/console/Symfony/Component/Console/Application.php(874): Illuminate\Console\Command->run()
#19 /home/leontin/Work/licenta/vendor/symfony/console/Symfony/Component/Console/Application.php(195): Symfony\Component\Console\Application->doRunCommand()
#20 /home/leontin/Work/licenta/vendor/symfony/console/Symfony/Component/Console/Application.php(126): Symfony\Component\Console\Application->doRun()
#21 /home/leontin/Work/licenta/vendor/laravel/framework/src/Illuminate/Foundation/Console/Kernel.php(94): Symfony\Component\Console\Application->run()
#22 /home/leontin/Work/licenta/artisan(36): Illuminate\Foundation\Console\Kernel->handle()
#23 /home/leontin/Work/licenta/artisan(0): {main}()
#24 {main}  
[2016-05-25 14:22:40] local.ERROR: exception 'Symfony\Component\Debug\Exception\FatalErrorException' with message 'Class 'CreateTrainingsTable' not found' in /home/leontin/Work/licenta/vendor/laravel/framework/src/Illuminate/Database/Migrations/Migrator.php:328
Stack trace:
#0 /home/leontin/Work/licenta/vendor/laravel/framework/src/Illuminate/Foundation/Bootstrap/HandleExceptions.php(131): Symfony\Component\Debug\Exception\FatalErrorException->__construct()
#1 /home/leontin/Work/licenta/vendor/laravel/framework/src/Illuminate/Foundation/Bootstrap/HandleExceptions.php(116): Illuminate\Foundation\Bootstrap\HandleExceptions->fatalExceptionFromError()
#2 /home/leontin/Work/licenta/vendor/laravel/framework/src/Illuminate/Foundation/Bootstrap/HandleExceptions.php(0): Illuminate\Foundation\Bootstrap\HandleExceptions->handleShutdown()
#3 /home/leontin/Work/licenta/vendor/laravel/framework/src/Illuminate/Database/Migrations/Migrator.php(219): Illuminate\Database\Migrations\Migrator->resolve()
#4 /home/leontin/Work/licenta/vendor/laravel/framework/src/Illuminate/Database/Migrations/Migrator.php(199): Illuminate\Database\Migrations\Migrator->runDown()
#5 /home/leontin/Work/licenta/vendor/laravel/framework/src/Illuminate/Database/Console/Migrations/ResetCommand.php(66): Illuminate\Database\Migrations\Migrator->reset()
#6 /home/leontin/Work/licenta/vendor/laravel/framework/src/Illuminate/Container/Container.php(526): Illuminate\Database\Console\Migrations\ResetCommand->fire()
#7 /home/leontin/Work/licenta/vendor/laravel/framework/src/Illuminate/Container/Container.php(526): call_user_func_array:{/home/leontin/Work/licenta/vendor/laravel/framework/src/Illuminate/Container/Container.php:526}()
#8 /home/leontin/Work/licenta/vendor/laravel/framework/src/Illuminate/Console/Command.php(115): Illuminate\Container\Container->call()
#9 /home/leontin/Work/licenta/vendor/symfony/console/Symfony/Component/Console/Command/Command.php(257): Illuminate\Console\Command->execute()
#10 /home/leontin/Work/licenta/vendor/laravel/framework/src/Illuminate/Console/Command.php(101): Symfony\Component\Console\Command\Command->run()
#11 /home/leontin/Work/licenta/vendor/laravel/framework/src/Illuminate/Console/Command.php(131): Illuminate\Console\Command->run()
#12 /home/leontin/Work/licenta/vendor/laravel/framework/src/Illuminate/Database/Console/Migrations/RefreshCommand.php(40): Illuminate\Console\Command->call()
#13 /home/leontin/Work/licenta/vendor/laravel/framework/src/Illuminate/Container/Container.php(526): Illuminate\Database\Console\Migrations\RefreshCommand->fire()
#14 /home/leontin/Work/licenta/vendor/laravel/framework/src/Illuminate/Container/Container.php(526): call_user_func_array:{/home/leontin/Work/licenta/vendor/laravel/framework/src/Illuminate/Container/Container.php:526}()
#15 /home/leontin/Work/licenta/vendor/laravel/framework/src/Illuminate/Console/Command.php(115): Illuminate\Container\Container->call()
#16 /home/leontin/Work/licenta/vendor/symfony/console/Symfony/Component/Console/Command/Command.php(257): Illuminate\Console\Command->execute()
#17 /home/leontin/Work/licenta/vendor/laravel/framework/src/Illuminate/Console/Command.php(101): Symfony\Component\Console\Command\Command->run()
#18 /home/leontin/Work/licenta/vendor/symfony/console/Symfony/Component/Console/Application.php(874): Illuminate\Console\Command->run()
#19 /home/leontin/Work/licenta/vendor/symfony/console/Symfony/Component/Console/Application.php(195): Symfony\Component\Console\Application->doRunCommand()
#20 /home/leontin/Work/licenta/vendor/symfony/console/Symfony/Component/Console/Application.php(126): Symfony\Component\Console\Application->doRun()
#21 /home/leontin/Work/licenta/vendor/laravel/framework/src/Illuminate/Foundation/Console/Kernel.php(94): Symfony\Component\Console\Application->run()
#22 /home/leontin/Work/licenta/artisan(36): Illuminate\Foundation\Console\Kernel->handle()
#23 /home/leontin/Work/licenta/artisan(0): {main}()
#24 {main}  
[2016-05-25 14:24:46] local.ERROR: exception 'PDOException' with message 'SQLSTATE[42S02]: Base table or view not found: 1051 Unknown table 'licenta.stat_costs'' in /home/leontin/Work/licenta/vendor/laravel/framework/src/Illuminate/Database/Connection.php:362
Stack trace:
#0 /home/leontin/Work/licenta/vendor/laravel/framework/src/Illuminate/Database/Connection.php(362): PDOStatement->execute(Array)
#1 /home/leontin/Work/licenta/vendor/laravel/framework/src/Illuminate/Database/Connection.php(616): Illuminate\Database\Connection->Illuminate\Database\{closure}(Object(Illuminate\Database\MySqlConnection), 'drop table `sta...', Array)
#2 /home/leontin/Work/licenta/vendor/laravel/framework/src/Illuminate/Database/Connection.php(580): Illuminate\Database\Connection->runQueryCallback('drop table `sta...', Array, Object(Closure))
#3 /home/leontin/Work/licenta/vendor/laravel/framework/src/Illuminate/Database/Connection.php(363): Illuminate\Database\Connection->run('drop table `sta...', Array, Object(Closure))
#4 /home/leontin/Work/licenta/vendor/laravel/framework/src/Illuminate/Database/Schema/Blueprint.php(63): Illuminate\Database\Connection->statement('drop table `sta...')
#5 /home/leontin/Work/licenta/vendor/laravel/framework/src/Illuminate/Database/Schema/Builder.php(188): Illuminate\Database\Schema\Blueprint->build(Object(Illuminate\Database\MySqlConnection), Object(Illuminate\Database\Schema\Grammars\MySqlGrammar))
#6 /home/leontin/Work/licenta/vendor/laravel/framework/src/Illuminate/Database/Schema/Builder.php(146): Illuminate\Database\Schema\Builder->build(Object(Illuminate\Database\Schema\Blueprint))
#7 /home/leontin/Work/licenta/vendor/laravel/framework/src/Illuminate/Support/Facades/Facade.php(210): Illuminate\Database\Schema\Builder->drop('stat_costs')
#8 /home/leontin/Work/licenta/database/migrations/2016_05_24_192551_create_stat_costs_table.php(42): Illuminate\Support\Facades\Facade::__callStatic('drop', Array)
#9 /home/leontin/Work/licenta/database/migrations/2016_05_24_192551_create_stat_costs_table.php(42): Illuminate\Support\Facades\Schema::drop('stat_costs')
#10 /home/leontin/Work/licenta/vendor/laravel/framework/src/Illuminate/Database/Migrations/Migrator.php(226): CreateStatCostsTable->down()
#11 /home/leontin/Work/licenta/vendor/laravel/framework/src/Illuminate/Database/Migrations/Migrator.php(199): Illuminate\Database\Migrations\Migrator->runDown(Object(stdClass), false)
#12 /home/leontin/Work/licenta/vendor/laravel/framework/src/Illuminate/Database/Console/Migrations/ResetCommand.php(66): Illuminate\Database\Migrations\Migrator->reset(false)
#13 [internal function]: Illuminate\Database\Console\Migrations\ResetCommand->fire()
#14 /home/leontin/Work/licenta/vendor/laravel/framework/src/Illuminate/Container/Container.php(526): call_user_func_array(Array, Array)
#15 /home/leontin/Work/licenta/vendor/laravel/framework/src/Illuminate/Console/Command.php(115): Illuminate\Container\Container->call(Array)
#16 /home/leontin/Work/licenta/vendor/symfony/console/Symfony/Component/Console/Command/Command.php(257): Illuminate\Console\Command->execute(Object(Symfony\Component\Console\Input\ArrayInput), Object(Symfony\Component\Console\Output\ConsoleOutput))
#17 /home/leontin/Work/licenta/vendor/laravel/framework/src/Illuminate/Console/Command.php(101): Symfony\Component\Console\Command\Command->run(Object(Symfony\Component\Console\Input\ArrayInput), Object(Symfony\Component\Console\Output\ConsoleOutput))
#18 /home/leontin/Work/licenta/vendor/laravel/framework/src/Illuminate/Console/Command.php(131): Illuminate\Console\Command->run(Object(Symfony\Component\Console\Input\ArrayInput), Object(Symfony\Component\Console\Output\ConsoleOutput))
#19 /home/leontin/Work/licenta/vendor/laravel/framework/src/Illuminate/Database/Console/Migrations/RefreshCommand.php(40): Illuminate\Console\Command->call('migrate:reset', Array)
#20 [internal function]: Illuminate\Database\Console\Migrations\RefreshCommand->fire()
#21 /home/leontin/Work/licenta/vendor/laravel/framework/src/Illuminate/Container/Container.php(526): call_user_func_array(Array, Array)
#22 /home/leontin/Work/licenta/vendor/laravel/framework/src/Illuminate/Console/Command.php(115): Illuminate\Container\Container->call(Array)
#23 /home/leontin/Work/licenta/vendor/symfony/console/Symfony/Component/Console/Command/Command.php(257): Illuminate\Console\Command->execute(Object(Symfony\Component\Console\Input\ArgvInput), Object(Symfony\Component\Console\Output\ConsoleOutput))
#24 /home/leontin/Work/licenta/vendor/laravel/framework/src/Illuminate/Console/Command.php(101): Symfony\Component\Console\Command\Command->run(Object(Symfony\Component\Console\Input\ArgvInput), Object(Symfony\Component\Console\Output\ConsoleOutput))
#25 /home/leontin/Work/licenta/vendor/symfony/console/Symfony/Component/Console/Application.php(874): Illuminate\Console\Command->run(Object(Symfony\Component\Console\Input\ArgvInput), Object(Symfony\Component\Console\Output\ConsoleOutput))
#26 /home/leontin/Work/licenta/vendor/symfony/console/Symfony/Component/Console/Application.php(195): Symfony\Component\Console\Application->doRunCommand(Object(Illuminate\Database\Console\Migrations\RefreshCommand), Object(Symfony\Component\Console\Input\ArgvInput), Object(Symfony\Component\Console\Output\ConsoleOutput))
#27 /home/leontin/Work/licenta/vendor/symfony/console/Symfony/Component/Console/Application.php(126): Symfony\Component\Console\Application->doRun(Object(Symfony\Component\Console\Input\ArgvInput), Object(Symfony\Component\Console\Output\ConsoleOutput))
#28 /home/leontin/Work/licenta/vendor/laravel/framework/src/Illuminate/Foundation/Console/Kernel.php(94): Symfony\Component\Console\Application->run(Object(Symfony\Component\Console\Input\ArgvInput), Object(Symfony\Component\Console\Output\ConsoleOutput))
#29 /home/leontin/Work/licenta/artisan(36): Illuminate\Foundation\Console\Kernel->handle(Object(Symfony\Component\Console\Input\ArgvInput), Object(Symfony\Component\Console\Output\ConsoleOutput))
#30 {main}

Next exception 'Illuminate\Database\QueryException' with message 'SQLSTATE[42S02]: Base table or view not found: 1051 Unknown table 'licenta.stat_costs' (SQL: drop table `stat_costs`)' in /home/leontin/Work/licenta/vendor/laravel/framework/src/Illuminate/Database/Connection.php:624
Stack trace:
#0 /home/leontin/Work/licenta/vendor/laravel/framework/src/Illuminate/Database/Connection.php(580): Illuminate\Database\Connection->runQueryCallback('drop table `sta...', Array, Object(Closure))
#1 /home/leontin/Work/licenta/vendor/laravel/framework/src/Illuminate/Database/Connection.php(363): Illuminate\Database\Connection->run('drop table `sta...', Array, Object(Closure))
#2 /home/leontin/Work/licenta/vendor/laravel/framework/src/Illuminate/Database/Schema/Blueprint.php(63): Illuminate\Database\Connection->statement('drop table `sta...')
#3 /home/leontin/Work/licenta/vendor/laravel/framework/src/Illuminate/Database/Schema/Builder.php(188): Illuminate\Database\Schema\Blueprint->build(Object(Illuminate\Database\MySqlConnection), Object(Illuminate\Database\Schema\Grammars\MySqlGrammar))
#4 /home/leontin/Work/licenta/vendor/laravel/framework/src/Illuminate/Database/Schema/Builder.php(146): Illuminate\Database\Schema\Builder->build(Object(Illuminate\Database\Schema\Blueprint))
#5 /home/leontin/Work/licenta/vendor/laravel/framework/src/Illuminate/Support/Facades/Facade.php(210): Illuminate\Database\Schema\Builder->drop('stat_costs')
#6 /home/leontin/Work/licenta/database/migrations/2016_05_24_192551_create_stat_costs_table.php(42): Illuminate\Support\Facades\Facade::__callStatic('drop', Array)
#7 /home/leontin/Work/licenta/database/migrations/2016_05_24_192551_create_stat_costs_table.php(42): Illuminate\Support\Facades\Schema::drop('stat_costs')
#8 /home/leontin/Work/licenta/vendor/laravel/framework/src/Illuminate/Database/Migrations/Migrator.php(226): CreateStatCostsTable->down()
#9 /home/leontin/Work/licenta/vendor/laravel/framework/src/Illuminate/Database/Migrations/Migrator.php(199): Illuminate\Database\Migrations\Migrator->runDown(Object(stdClass), false)
#10 /home/leontin/Work/licenta/vendor/laravel/framework/src/Illuminate/Database/Console/Migrations/ResetCommand.php(66): Illuminate\Database\Migrations\Migrator->reset(false)
#11 [internal function]: Illuminate\Database\Console\Migrations\ResetCommand->fire()
#12 /home/leontin/Work/licenta/vendor/laravel/framework/src/Illuminate/Container/Container.php(526): call_user_func_array(Array, Array)
#13 /home/leontin/Work/licenta/vendor/laravel/framework/src/Illuminate/Console/Command.php(115): Illuminate\Container\Container->call(Array)
#14 /home/leontin/Work/licenta/vendor/symfony/console/Symfony/Component/Console/Command/Command.php(257): Illuminate\Console\Command->execute(Object(Symfony\Component\Console\Input\ArrayInput), Object(Symfony\Component\Console\Output\ConsoleOutput))
#15 /home/leontin/Work/licenta/vendor/laravel/framework/src/Illuminate/Console/Command.php(101): Symfony\Component\Console\Command\Command->run(Object(Symfony\Component\Console\Input\ArrayInput), Object(Symfony\Component\Console\Output\ConsoleOutput))
#16 /home/leontin/Work/licenta/vendor/laravel/framework/src/Illuminate/Console/Command.php(131): Illuminate\Console\Command->run(Object(Symfony\Component\Console\Input\ArrayInput), Object(Symfony\Component\Console\Output\ConsoleOutput))
#17 /home/leontin/Work/licenta/vendor/laravel/framework/src/Illuminate/Database/Console/Migrations/RefreshCommand.php(40): Illuminate\Console\Command->call('migrate:reset', Array)
#18 [internal function]: Illuminate\Database\Console\Migrations\RefreshCommand->fire()
#19 /home/leontin/Work/licenta/vendor/laravel/framework/src/Illuminate/Container/Container.php(526): call_user_func_array(Array, Array)
#20 /home/leontin/Work/licenta/vendor/laravel/framework/src/Illuminate/Console/Command.php(115): Illuminate\Container\Container->call(Array)
#21 /home/leontin/Work/licenta/vendor/symfony/console/Symfony/Component/Console/Command/Command.php(257): Illuminate\Console\Command->execute(Object(Symfony\Component\Console\Input\ArgvInput), Object(Symfony\Component\Console\Output\ConsoleOutput))
#22 /home/leontin/Work/licenta/vendor/laravel/framework/src/Illuminate/Console/Command.php(101): Symfony\Component\Console\Command\Command->run(Object(Symfony\Component\Console\Input\ArgvInput), Object(Symfony\Component\Console\Output\ConsoleOutput))
#23 /home/leontin/Work/licenta/vendor/symfony/console/Symfony/Component/Console/Application.php(874): Illuminate\Console\Command->run(Object(Symfony\Component\Console\Input\ArgvInput), Object(Symfony\Component\Console\Output\ConsoleOutput))
#24 /home/leontin/Work/licenta/vendor/symfony/console/Symfony/Component/Console/Application.php(195): Symfony\Component\Console\Application->doRunCommand(Object(Illuminate\Database\Console\Migrations\RefreshCommand), Object(Symfony\Component\Console\Input\ArgvInput), Object(Symfony\Component\Console\Output\ConsoleOutput))
#25 /home/leontin/Work/licenta/vendor/symfony/console/Symfony/Component/Console/Application.php(126): Symfony\Component\Console\Application->doRun(Object(Symfony\Component\Console\Input\ArgvInput), Object(Symfony\Component\Console\Output\ConsoleOutput))
#26 /home/leontin/Work/licenta/vendor/laravel/framework/src/Illuminate/Foundation/Console/Kernel.php(94): Symfony\Component\Console\Application->run(Object(Symfony\Component\Console\Input\ArgvInput), Object(Symfony\Component\Console\Output\ConsoleOutput))
#27 /home/leontin/Work/licenta/artisan(36): Illuminate\Foundation\Console\Kernel->handle(Object(Symfony\Component\Console\Input\ArgvInput), Object(Symfony\Component\Console\Output\ConsoleOutput))
#28 {main}  
