[2016-06-02 21:44:27] local.ERROR: exception 'Symfony\Component\Debug\Exception\FatalErrorException' with message 'syntax error, unexpected ')', expecting identifier (T_STRING) or variable (T_VARIABLE) or '{' or '$'' in /home/leontin/Work/licenta/app/Http/Controllers/ChampionshipController.php:151
Stack trace:
#0 /home/leontin/Work/licenta/vendor/laravel/framework/src/Illuminate/Foundation/Bootstrap/HandleExceptions.php(131): Symfony\Component\Debug\Exception\FatalErrorException->__construct()
#1 /home/leontin/Work/licenta/vendor/laravel/framework/src/Illuminate/Foundation/Bootstrap/HandleExceptions.php(116): Illuminate\Foundation\Bootstrap\HandleExceptions->fatalExceptionFromError()
#2 /home/leontin/Work/licenta/vendor/laravel/framework/src/Illuminate/Foundation/Bootstrap/HandleExceptions.php(0): Illuminate\Foundation\Bootstrap\HandleExceptions->handleShutdown()
#3 /home/leontin/Work/licenta/vendor/composer/ClassLoader.php(301): Composer\Autoload\includeFile()
#4 /home/leontin/Work/licenta/vendor/laravel/framework/src/Illuminate/Container/Container.php(779): Composer\Autoload\ClassLoader->loadClass()
#5 /home/leontin/Work/licenta/vendor/laravel/framework/src/Illuminate/Container/Container.php(779): spl_autoload_call()
#6 /home/leontin/Work/licenta/vendor/laravel/framework/src/Illuminate/Container/Container.php(779): ReflectionClass->__construct()
#7 /home/leontin/Work/licenta/vendor/laravel/framework/src/Illuminate/Container/Container.php(659): Illuminate\Container\Container->build()
#8 /home/leontin/Work/licenta/vendor/laravel/framework/src/Illuminate/Foundation/Application.php(644): Illuminate\Container\Container->make()
#9 /home/leontin/Work/licenta/vendor/laravel/framework/src/Illuminate/Routing/ControllerDispatcher.php(83): Illuminate\Foundation\Application->make()
#10 /home/leontin/Work/licenta/vendor/laravel/framework/src/Illuminate/Routing/ControllerDispatcher.php(54): Illuminate\Routing\ControllerDispatcher->makeController()
#11 /home/leontin/Work/licenta/vendor/laravel/framework/src/Illuminate/Routing/Route.php(204): Illuminate\Routing\ControllerDispatcher->dispatch()
#12 /home/leontin/Work/licenta/vendor/laravel/framework/src/Illuminate/Routing/Route.php(134): Illuminate\Routing\Route->runWithCustomDispatcher()
#13 /home/leontin/Work/licenta/vendor/laravel/framework/src/Illuminate/Routing/Router.php(701): Illuminate\Routing\Route->run()
#14 /home/leontin/Work/licenta/vendor/laravel/framework/src/Illuminate/Pipeline/Pipeline.php(141): Illuminate\Routing\Router->Illuminate\Routing\{closure}()
#15 /home/leontin/Work/licenta/vendor/laravel/framework/src/Illuminate/Pipeline/Pipeline.php(141): call_user_func:{/home/leontin/Work/licenta/vendor/laravel/framework/src/Illuminate/Pipeline/Pipeline.php:141}()
#16 /home/leontin/Work/licenta/app/Http/Middleware/Authenticate.php(47): Illuminate\Pipeline\Pipeline->Illuminate\Pipeline\{closure}()
#17 /home/leontin/Work/licenta/vendor/laravel/framework/src/Illuminate/Pipeline/Pipeline.php(125): App\Http\Middleware\Authenticate->handle()
#18 /home/leontin/Work/licenta/vendor/laravel/framework/src/Illuminate/Foundation/Http/Middleware/VerifyCsrfToken.php(43): Illuminate\Pipeline\Pipeline->Illuminate\Pipeline\{closure}()
#19 /home/leontin/Work/licenta/app/Http/Middleware/VerifyCsrfToken.php(17): Illuminate\Foundation\Http\Middleware\VerifyCsrfToken->handle()
#20 /home/leontin/Work/licenta/vendor/laravel/framework/src/Illuminate/Pipeline/Pipeline.php(125): App\Http\Middleware\VerifyCsrfToken->handle()
#21 /home/leontin/Work/licenta/vendor/laravel/framework/src/Illuminate/View/Middleware/ShareErrorsFromSession.php(55): Illuminate\Pipeline\Pipeline->Illuminate\Pipeline\{closure}()
#22 /home/leontin/Work/licenta/vendor/laravel/framework/src/Illuminate/Pipeline/Pipeline.php(125): Illuminate\View\Middleware\ShareErrorsFromSession->handle()
#23 /home/leontin/Work/licenta/vendor/laravel/framework/src/Illuminate/Session/Middleware/StartSession.php(61): Illuminate\Pipeline\Pipeline->Illuminate\Pipeline\{closure}()
#24 /home/leontin/Work/licenta/vendor/laravel/framework/src/Illuminate/Pipeline/Pipeline.php(125): Illuminate\Session\Middleware\StartSession->handle()
#25 /home/leontin/Work/licenta/vendor/laravel/framework/src/Illuminate/Cookie/Middleware/AddQueuedCookiesToResponse.php(36): Illuminate\Pipeline\Pipeline->Illuminate\Pipeline\{closure}()
#26 /home/leontin/Work/licenta/vendor/laravel/framework/src/Illuminate/Pipeline/Pipeline.php(125): Illuminate\Cookie\Middleware\AddQueuedCookiesToResponse->handle()
#27 /home/leontin/Work/licenta/vendor/laravel/framework/src/Illuminate/Pipeline/Pipeline.php(101): Illuminate\Pipeline\Pipeline->Illuminate\Pipeline\{closure}()
#28 /home/leontin/Work/licenta/vendor/laravel/framework/src/Illuminate/Pipeline/Pipeline.php(101): call_user_func:{/home/leontin/Work/licenta/vendor/laravel/framework/src/Illuminate/Pipeline/Pipeline.php:101}()
#29 /home/leontin/Work/licenta/vendor/laravel/framework/src/Illuminate/Routing/Router.php(703): Illuminate\Pipeline\Pipeline->then()
#30 /home/leontin/Work/licenta/vendor/laravel/framework/src/Illuminate/Routing/Router.php(670): Illuminate\Routing\Router->runRouteWithinStack()
#31 /home/leontin/Work/licenta/vendor/laravel/framework/src/Illuminate/Routing/Router.php(628): Illuminate\Routing\Router->dispatchToRoute()
#32 /home/leontin/Work/licenta/vendor/laravel/framework/src/Illuminate/Foundation/Http/Kernel.php(214): Illuminate\Routing\Router->dispatch()
#33 /home/leontin/Work/licenta/vendor/laravel/framework/src/Illuminate/Pipeline/Pipeline.php(141): Illuminate\Foundation\Http\Kernel->Illuminate\Foundation\Http\{closure}()
#34 /home/leontin/Work/licenta/vendor/laravel/framework/src/Illuminate/Pipeline/Pipeline.php(141): call_user_func:{/home/leontin/Work/licenta/vendor/laravel/framework/src/Illuminate/Pipeline/Pipeline.php:141}()
#35 /home/leontin/Work/licenta/vendor/laravel/framework/src/Illuminate/Foundation/Http/Middleware/VerifyCsrfToken.php(43): Illuminate\Pipeline\Pipeline->Illuminate\Pipeline\{closure}()
#36 /home/leontin/Work/licenta/app/Http/Middleware/VerifyCsrfToken.php(17): Illuminate\Foundation\Http\Middleware\VerifyCsrfToken->handle()
#37 /home/leontin/Work/licenta/vendor/laravel/framework/src/Illuminate/Pipeline/Pipeline.php(125): App\Http\Middleware\VerifyCsrfToken->handle()
#38 /home/leontin/Work/licenta/vendor/laravel/framework/src/Illuminate/View/Middleware/ShareErrorsFromSession.php(55): Illuminate\Pipeline\Pipeline->Illuminate\Pipeline\{closure}()
#39 /home/leontin/Work/licenta/vendor/laravel/framework/src/Illuminate/Pipeline/Pipeline.php(125): Illuminate\View\Middleware\ShareErrorsFromSession->handle()
#40 /home/leontin/Work/licenta/vendor/laravel/framework/src/Illuminate/Session/Middleware/StartSession.php(61): Illuminate\Pipeline\Pipeline->Illuminate\Pipeline\{closure}()
#41 /home/leontin/Work/licenta/vendor/laravel/framework/src/Illuminate/Pipeline/Pipeline.php(125): Illuminate\Session\Middleware\StartSession->handle()
#42 /home/leontin/Work/licenta/vendor/laravel/framework/src/Illuminate/Cookie/Middleware/AddQueuedCookiesToResponse.php(36): Illuminate\Pipeline\Pipeline->Illuminate\Pipeline\{closure}()
#43 /home/leontin/Work/licenta/vendor/laravel/framework/src/Illuminate/Pipeline/Pipeline.php(125): Illuminate\Cookie\Middleware\AddQueuedCookiesToResponse->handle()
#44 /home/leontin/Work/licenta/vendor/laravel/framework/src/Illuminate/Cookie/Middleware/EncryptCookies.php(40): Illuminate\Pipeline\Pipeline->Illuminate\Pipeline\{closure}()
#45 /home/leontin/Work/licenta/vendor/laravel/framework/src/Illuminate/Pipeline/Pipeline.php(125): Illuminate\Cookie\Middleware\EncryptCookies->handle()
#46 /home/leontin/Work/licenta/vendor/laravel/framework/src/Illuminate/Foundation/Http/Middleware/CheckForMaintenanceMode.php(42): Illuminate\Pipeline\Pipeline->Illuminate\Pipeline\{closure}()
#47 /home/leontin/Work/licenta/vendor/laravel/framework/src/Illuminate/Pipeline/Pipeline.php(125): Illuminate\Foundation\Http\Middleware\CheckForMaintenanceMode->handle()
#48 /home/leontin/Work/licenta/vendor/laravel/framework/src/Illuminate/Pipeline/Pipeline.php(101): Illuminate\Pipeline\Pipeline->Illuminate\Pipeline\{closure}()
#49 /home/leontin/Work/licenta/vendor/laravel/framework/src/Illuminate/Pipeline/Pipeline.php(101): call_user_func:{/home/leontin/Work/licenta/vendor/laravel/framework/src/Illuminate/Pipeline/Pipeline.php:101}()
#50 /home/leontin/Work/licenta/vendor/laravel/framework/src/Illuminate/Foundation/Http/Kernel.php(115): Illuminate\Pipeline\Pipeline->then()
#51 /home/leontin/Work/licenta/vendor/laravel/framework/src/Illuminate/Foundation/Http/Kernel.php(84): Illuminate\Foundation\Http\Kernel->sendRequestThroughRouter()
#52 /home/leontin/Work/licenta/public/index.php(53): Illuminate\Foundation\Http\Kernel->handle()
#53 /home/leontin/Work/licenta/public/index.php(0): {main}()
#54 {main}  
